[debug] [2024-02-08T10:19:21.665Z] ----------------------------------------------------------------------
[debug] [2024-02-08T10:19:21.668Z] Command:       C:\Program Files\nodejs\node.exe C:\Users\sanja\AppData\Roaming\npm\node_modules\firebase-tools\lib\bin\firebase.js init
[debug] [2024-02-08T10:19:21.668Z] CLI Version:   13.2.1
[debug] [2024-02-08T10:19:21.668Z] Platform:      win32
[debug] [2024-02-08T10:19:21.668Z] Node Version:  v20.11.0
[debug] [2024-02-08T10:19:21.668Z] Time:          Thu Feb 08 2024 15:49:21 GMT+0530 (India Standard Time)
[debug] [2024-02-08T10:19:21.668Z] ----------------------------------------------------------------------
[debug] 
[debug] [2024-02-08T10:19:21.735Z] > command requires scopes: ["email","openid","https://www.googleapis.com/auth/cloudplatformprojects.readonly","https://www.googleapis.com/auth/firebase","https://www.googleapis.com/auth/cloud-platform"]
[debug] [2024-02-08T10:19:21.735Z] > authorizing via signed-in user (ersmeronz@bitsathy.ac.in)
[info] 
     ######## #### ########  ######## ########     ###     ######  ########
     ##        ##  ##     ## ##       ##     ##  ##   ##  ##       ##
     ######    ##  ########  ######   ########  #########  ######  ######
     ##        ##  ##    ##  ##       ##     ## ##     ##       ## ##
     ##       #### ##     ## ######## ########  ##     ##  ######  ########

You're about to initialize a Firebase project in this directory:

  C:\Users\sanja\OneDrive\Desktop\Development\web

Before we get started, keep in mind:

  * You are initializing within an existing Firebase project directory

[info] 
=== Project Setup
[info] 
[info] First, let's associate this project directory with a Firebase project.
[info] You can create multiple project aliases by running firebase use --add, 
[info] but for now we'll just set up a default project.
[info] 
[debug] [2024-02-08T10:19:28.527Z] Using project from CLI flag: base-b560b
[debug] [2024-02-08T10:19:28.529Z] >>> [apiv2][query] GET https://firebase.googleapis.com/v1beta1/projects/base-b560b [none]
[debug] [2024-02-08T10:19:30.555Z] <<< [apiv2][status] GET https://firebase.googleapis.com/v1beta1/projects/base-b560b 403
[debug] [2024-02-08T10:19:30.555Z] <<< [apiv2][body] GET https://firebase.googleapis.com/v1beta1/projects/base-b560b {"error":{"code":403,"message":"The caller does not have permission","status":"PERMISSION_DENIED"}}
[debug] [2024-02-08T10:19:30.556Z] HTTP Error: 403, The caller does not have permission
[debug] [2024-02-08T10:19:30.914Z] FirebaseError: HTTP Error: 403, The caller does not have permission
    at responseToError (C:\Users\sanja\AppData\Roaming\npm\node_modules\firebase-tools\lib\responseToError.js:49:12)
    at RetryOperation._fn (C:\Users\sanja\AppData\Roaming\npm\node_modules\firebase-tools\lib\apiv2.js:292:77)
    at process.processTicksAndRejections (node:internal/process/task_queues:95:5)
[error] 
[error] Error: Failed to get Firebase project base-b560b. Please make sure the project exists and your account has permission to access it.
